<?xml version="1.0" encoding="UTF-8"?>
<!-- Generated by org.testng.reporters.JUnitReportReporter -->
<testsuite skipped="0" hostname="WBLT26W8H72" name="dot.ArrayList" tests="1" failures="0" timestamp="04 Jun 2019 15:23:31 GMT" time="0.016" errors="0">
  <testcase name="dec90" time="0.016" classname="dot.ArrayList"/>
</testsuite> <!-- dot.ArrayList -->
